<?xml version="1.0" encoding="UTF-8"?>
<coverage generated="1727852161915" clover="3.2.0">
  <project timestamp="1727852161915" name="All files">
    <metrics statements="21" coveredstatements="21" conditionals="13" coveredconditionals="13" methods="7" coveredmethods="7" elements="41" coveredelements="41" complexity="0" loc="21" ncloc="21" packages="1" files="1" classes="1"/>
    <file name="index.js" path="C:\Projects\OCTANE\octane-auth\src\index.js">
      <metrics statements="21" coveredstatements="21" conditionals="13" coveredconditionals="13" methods="7" coveredmethods="7"/>
      <line num="1" count="1" type="stmt"/>
      <line num="2" count="1" type="stmt"/>
      <line num="6" count="17" type="stmt"/>
      <line num="14" count="6" type="cond" truecount="4" falsecount="0"/>
      <line num="15" count="3" type="stmt"/>
      <line num="17" count="3" type="stmt"/>
      <line num="21" count="4" type="stmt"/>
      <line num="25" count="6" type="stmt"/>
      <line num="31" count="7" type="stmt"/>
      <line num="32" count="7" type="stmt"/>
      <line num="34" count="5" type="stmt"/>
      <line num="40" count="3" type="stmt"/>
      <line num="41" count="3" type="stmt"/>
      <line num="42" count="3" type="cond" truecount="2" falsecount="0"/>
      <line num="43" count="1" type="stmt"/>
      <line num="46" count="2" type="stmt"/>
      <line num="47" count="2" type="stmt"/>
      <line num="48" count="1" type="stmt"/>
      <line num="49" count="1" type="stmt"/>
      <line num="51" count="1" type="stmt"/>
      <line num="57" count="1" type="stmt"/>
    </file>
  </project>
</coverage>
