{"C:\\Projects\\OCTANE\\octane-auth\\src\\index.js": {"path":"C:\\Projects\\OCTANE\\octane-auth\\src\\index.js","statementMap":{"0":{"start":{"line":1,"column":12},"end":{"line":1,"column":35}},"1":{"start":{"line":2,"column":15},"end":{"line":2,"column":32}},"2":{"start":{"line":6,"column":4},"end":{"line":10,"column":6}},"3":{"start":{"line":14,"column":4},"end":{"line":15,"column":57}},"4":{"start":{"line":15,"column":6},"end":{"line":15,"column":57}},"5":{"start":{"line":17,"column":4},"end":{"line":17,"column":58}},"6":{"start":{"line":21,"column":4},"end":{"line":21,"column":42}},"7":{"start":{"line":25,"column":4},"end":{"line":27,"column":7}},"8":{"start":{"line":31,"column":4},"end":{"line":35,"column":5}},"9":{"start":{"line":32,"column":6},"end":{"line":32,"column":55}},"10":{"start":{"line":34,"column":6},"end":{"line":34,"column":39}},"11":{"start":{"line":40,"column":4},"end":{"line":53,"column":6}},"12":{"start":{"line":41,"column":20},"end":{"line":41,"column":60}},"13":{"start":{"line":42,"column":6},"end":{"line":44,"column":7}},"14":{"start":{"line":43,"column":8},"end":{"line":43,"column":68}},"15":{"start":{"line":46,"column":6},"end":{"line":52,"column":7}},"16":{"start":{"line":47,"column":24},"end":{"line":47,"column":47}},"17":{"start":{"line":48,"column":8},"end":{"line":48,"column":27}},"18":{"start":{"line":49,"column":8},"end":{"line":49,"column":15}},"19":{"start":{"line":51,"column":8},"end":{"line":51,"column":64}},"20":{"start":{"line":57,"column":0},"end":{"line":57,"column":28}}},"fnMap":{"0":{"name":"(anonymous_0)","decl":{"start":{"line":5,"column":2},"end":{"line":5,"column":3}},"loc":{"start":{"line":5,"column":28},"end":{"line":11,"column":3}},"line":5},"1":{"name":"(anonymous_1)","decl":{"start":{"line":13,"column":2},"end":{"line":13,"column":3}},"loc":{"start":{"line":13,"column":31},"end":{"line":18,"column":3}},"line":13},"2":{"name":"(anonymous_2)","decl":{"start":{"line":20,"column":2},"end":{"line":20,"column":3}},"loc":{"start":{"line":20,"column":39},"end":{"line":22,"column":3}},"line":20},"3":{"name":"(anonymous_3)","decl":{"start":{"line":24,"column":2},"end":{"line":24,"column":3}},"loc":{"start":{"line":24,"column":25},"end":{"line":28,"column":3}},"line":24},"4":{"name":"(anonymous_4)","decl":{"start":{"line":30,"column":2},"end":{"line":30,"column":3}},"loc":{"start":{"line":30,"column":21},"end":{"line":36,"column":3}},"line":30},"5":{"name":"(anonymous_5)","decl":{"start":{"line":39,"column":2},"end":{"line":39,"column":3}},"loc":{"start":{"line":39,"column":17},"end":{"line":54,"column":3}},"line":39},"6":{"name":"(anonymous_6)","decl":{"start":{"line":40,"column":11},"end":{"line":40,"column":12}},"loc":{"start":{"line":40,"column":31},"end":{"line":53,"column":5}},"line":40}},"branchMap":{"0":{"loc":{"start":{"line":5,"column":14},"end":{"line":5,"column":26}},"type":"default-arg","locations":[{"start":{"line":5,"column":24},"end":{"line":5,"column":26}}],"line":5},"1":{"loc":{"start":{"line":7,"column":17},"end":{"line":7,"column":55}},"type":"binary-expr","locations":[{"start":{"line":7,"column":17},"end":{"line":7,"column":34}},{"start":{"line":7,"column":38},"end":{"line":7,"column":55}}],"line":7},"2":{"loc":{"start":{"line":8,"column":23},"end":{"line":8,"column":54}},"type":"binary-expr","locations":[{"start":{"line":8,"column":23},"end":{"line":8,"column":46}},{"start":{"line":8,"column":50},"end":{"line":8,"column":54}}],"line":8},"3":{"loc":{"start":{"line":9,"column":18},"end":{"line":9,"column":42}},"type":"binary-expr","locations":[{"start":{"line":9,"column":18},"end":{"line":9,"column":36}},{"start":{"line":9,"column":40},"end":{"line":9,"column":42}}],"line":9},"4":{"loc":{"start":{"line":14,"column":4},"end":{"line":15,"column":57}},"type":"if","locations":[{"start":{"line":14,"column":4},"end":{"line":15,"column":57}},{"start":{},"end":{}}],"line":14},"5":{"loc":{"start":{"line":14,"column":8},"end":{"line":14,"column":42}},"type":"binary-expr","locations":[{"start":{"line":14,"column":8},"end":{"line":14,"column":17}},{"start":{"line":14,"column":21},"end":{"line":14,"column":42}}],"line":14},"6":{"loc":{"start":{"line":42,"column":6},"end":{"line":44,"column":7}},"type":"if","locations":[{"start":{"line":42,"column":6},"end":{"line":44,"column":7}},{"start":{},"end":{}}],"line":42}},"s":{"0":1,"1":1,"2":17,"3":6,"4":3,"5":3,"6":4,"7":6,"8":7,"9":7,"10":5,"11":3,"12":3,"13":3,"14":1,"15":2,"16":2,"17":1,"18":1,"19":1,"20":1},"f":{"0":17,"1":6,"2":4,"3":6,"4":7,"5":3,"6":3},"b":{"0":[1],"1":[17,1],"2":[17,1],"3":[17,1],"4":[3,3],"5":[6,3],"6":[1,2]},"_coverageSchema":"1a1c01bbd47fc00a2c39e90264f33305004495a9","hash":"2a24bc333944fdcc5345df66b5b053e87e3e9e53"}
}
