TN:
SF:src\index.js
FN:5,(anonymous_0)
FN:13,(anonymous_1)
FN:20,(anonymous_2)
FN:24,(anonymous_3)
FN:30,(anonymous_4)
FN:39,(anonymous_5)
FN:40,(anonymous_6)
FNF:7
FNH:7
FNDA:17,(anonymous_0)
FNDA:6,(anonymous_1)
FNDA:4,(anonymous_2)
FNDA:6,(anonymous_3)
FNDA:7,(anonymous_4)
FNDA:3,(anonymous_5)
FNDA:3,(anonymous_6)
DA:1,1
DA:2,1
DA:6,17
DA:14,6
DA:15,3
DA:17,3
DA:21,4
DA:25,6
DA:31,7
DA:32,7
DA:34,5
DA:40,3
DA:41,3
DA:42,3
DA:43,1
DA:46,2
DA:47,2
DA:48,1
DA:49,1
DA:51,1
DA:57,1
LF:21
LH:21
BRDA:5,0,0,1
BRDA:7,1,0,17
BRDA:7,1,1,1
BRDA:8,2,0,17
BRDA:8,2,1,1
BRDA:9,3,0,17
BRDA:9,3,1,1
BRDA:14,4,0,3
BRDA:14,4,1,3
BRDA:14,5,0,6
BRDA:14,5,1,3
BRDA:42,6,0,1
BRDA:42,6,1,2
BRF:13
BRH:13
end_of_record
